<?xml version="1.0" encoding="UTF-8"?>
<testng-results ignored="0" total="5" passed="5" failed="0" skipped="0">
  <reporter-output>
  </reporter-output>
  <suite started-at="2023-05-19T01:03:27 ICT" name="Default suite" finished-at="2023-05-19T01:03:30 ICT" duration-ms="2683">
    <groups>
    </groups>
    <test started-at="2023-05-19T01:03:27 ICT" name="Default test" finished-at="2023-05-19T01:03:30 ICT" duration-ms="2683">
      <class name="com.api.auto.testcase.TC_API_CreateWork">
        <test-method is-config="true" signature="init()[pri:0, instance:com.api.auto.testcase.TC_API_CreateWork@2fd1433e]" started-at="2023-05-19T01:03:27 ICT" name="init" finished-at="2023-05-19T01:03:29 ICT" duration-ms="2209" status="PASS">
          <reporter-output>
          </reporter-output>
        </test-method> <!-- init -->
        <test-method signature="TC01_Validate201Created()[pri:0, instance:com.api.auto.testcase.TC_API_CreateWork@2fd1433e]" started-at="2023-05-19T01:03:29 ICT" name="TC01_Validate201Created" finished-at="2023-05-19T01:03:29 ICT" duration-ms="7" status="PASS">
          <reporter-output>
          </reporter-output>
        </test-method> <!-- TC01_Validate201Created -->
        <test-method signature="TC02_ValidateWorkId()[pri:1, instance:com.api.auto.testcase.TC_API_CreateWork@2fd1433e]" started-at="2023-05-19T01:03:29 ICT" name="TC02_ValidateWorkId" finished-at="2023-05-19T01:03:29 ICT" duration-ms="1" status="PASS">
          <reporter-output>
          </reporter-output>
        </test-method> <!-- TC02_ValidateWorkId -->
        <test-method signature="TC03_ValidateNameOfWorkMatched()[pri:2, instance:com.api.auto.testcase.TC_API_CreateWork@2fd1433e]" started-at="2023-05-19T01:03:29 ICT" name="TC03_ValidateNameOfWorkMatched" finished-at="2023-05-19T01:03:30 ICT" duration-ms="406" status="PASS">
          <reporter-output>
          </reporter-output>
        </test-method> <!-- TC03_ValidateNameOfWorkMatched -->
        <test-method signature="TC03_ValidateExperienceMatched()[pri:3, instance:com.api.auto.testcase.TC_API_CreateWork@2fd1433e]" started-at="2023-05-19T01:03:30 ICT" name="TC03_ValidateExperienceMatched" finished-at="2023-05-19T01:03:30 ICT" duration-ms="14" status="PASS">
          <reporter-output>
          </reporter-output>
        </test-method> <!-- TC03_ValidateExperienceMatched -->
        <test-method signature="TC03_ValidateEducationMatched()[pri:4, instance:com.api.auto.testcase.TC_API_CreateWork@2fd1433e]" started-at="2023-05-19T01:03:30 ICT" name="TC03_ValidateEducationMatched" finished-at="2023-05-19T01:03:30 ICT" duration-ms="10" status="PASS">
          <reporter-output>
          </reporter-output>
        </test-method> <!-- TC03_ValidateEducationMatched -->
        <test-method is-config="true" signature="afterTest()[pri:0, instance:com.api.auto.testcase.TC_API_CreateWork@2fd1433e]" started-at="2023-05-19T01:03:30 ICT" name="afterTest" finished-at="2023-05-19T01:03:30 ICT" duration-ms="0" status="PASS">
          <reporter-output>
          </reporter-output>
        </test-method> <!-- afterTest -->
      </class> <!-- com.api.auto.testcase.TC_API_CreateWork -->
    </test> <!-- Default test -->
  </suite> <!-- Default suite -->
</testng-results>
